{
  "RSpec": {
    "coverage": {
      "/Users/phiggi18/databaseprojects/chitter-challenge-apprenticeships/app.rb": {
        "lines": [
          1,
          1,
          null,
          1,
          1,
          1,
          null,
          null,
          1,
          2,
          2,
          null,
          null,
          1,
          1,
          null,
          null,
          1,
          1,
          1,
          null,
          null,
          1,
          null
        ]
      },
      "/Users/phiggi18/databaseprojects/chitter-challenge-apprenticeships/lib/peeps.rb": {
        "lines": [
          1,
          null,
          1,
          null,
          1,
          4,
          4,
          12,
          null,
          null,
          1,
          5,
          5,
          null,
          null,
          1,
          9,
          9,
          null,
          0,
          null,
          null,
          null
        ]
      },
      "/Users/phiggi18/databaseprojects/chitter-challenge-apprenticeships/spec/features/new_peep_spec.rb": {
        "lines": [
          1,
          1,
          1,
          1,
          1,
          null,
          1,
          null,
          null
        ]
      },
      "/Users/phiggi18/databaseprojects/chitter-challenge-apprenticeships/spec/features/test_page_spec.rb": {
        "lines": [
          1,
          1,
          1,
          1,
          null,
          null
        ]
      },
      "/Users/phiggi18/databaseprojects/chitter-challenge-apprenticeships/spec/features/viewing_peeps_spec.rb": {
        "lines": [
          1,
          1,
          null,
          1,
          1,
          1,
          null,
          1,
          1,
          1,
          1,
          null,
          null
        ]
      },
      "/Users/phiggi18/databaseprojects/chitter-challenge-apprenticeships/spec/peeps_spec.rb": {
        "lines": [
          1,
          null,
          1,
          1,
          1,
          1,
          null,
          1,
          1,
          1,
          null,
          1,
          null,
          1,
          1,
          1,
          null,
          null,
          null,
          1,
          1,
          1,
          1,
          null,
          null,
          null
        ]
      }
    },
    "timestamp": 1604674230
  }
}
